<?xml version="1.0" encoding="UTF-8"?>
<robot generator="Robot 5.0.1 (Python 3.10.8 on win32)" generated="20230920 01:30:47.709" rpa="false" schemaversion="3">
<suite id="s1" name="Get Data" source="C:\swisspost\tests\get_data.robot">
<test id="s1-t1" name="Test CSV Export Data" line="9">
<kw name="Get CSV Export Data" library="sessions">
<kw name="Create Session" library="RequestsLibrary">
<arg>swisspost</arg>
<arg>${BASE_URL}/catalog/exports/csv</arg>
<arg>headers=${headers}</arg>
<doc>Create Session: create a HTTP session to a server</doc>
<msg timestamp="20230920 01:30:48.095" level="INFO">Creating Session using : alias=swisspost, url=https://swisspost.opendatasoft.com/api/explore/v2.1/catalog/exports/csv, headers={'accept': '*/*'},                     cookies={}, auth=None, timeout=None, proxies=None, verify=False,                     debug=0 </msg>
<status status="PASS" starttime="20230920 01:30:48.094" endtime="20230920 01:30:48.095"/>
</kw>
<kw name="Create Dictionary" library="BuiltIn">
<var>&amp;{params}</var>
<arg>delimiter=\;</arg>
<arg>list_separator=,</arg>
<arg>quote_all=false</arg>
<arg>with_bom=true</arg>
<doc>Creates and returns a dictionary based on the given ``items``.</doc>
<msg timestamp="20230920 01:30:48.096" level="INFO">&amp;{params} = { delimiter=; | list_separator=, | quote_all=false | with_bom=true }</msg>
<status status="PASS" starttime="20230920 01:30:48.096" endtime="20230920 01:30:48.097"/>
</kw>
<kw name="GET On Session" library="RequestsLibrary">
<var>${resp_swisspost}</var>
<arg>swisspost</arg>
<arg>/</arg>
<arg>params=${params}</arg>
<arg>expected_status=200</arg>
<doc>Sends a GET request on a previously created HTTP Session.</doc>
<msg timestamp="20230920 01:30:48.618" level="INFO">GET Request : url=https://swisspost.opendatasoft.com/api/explore/v2.1/catalog/exports/csv/?delimiter=%3B&amp;list_separator=%2C&amp;quote_all=false&amp;with_bom=true 
 path_url=/api/explore/v2.1/catalog/exports/csv/?delimiter=%3B&amp;list_separator=%2C&amp;quote_all=false&amp;with_bom=true 
 headers={'User-Agent': 'python-requests/2.28.1', 'Accept-Encoding': 'gzip, deflate', 'accept': '*/*', 'Connection': 'keep-alive'} 
 body=None 
 </msg>
<msg timestamp="20230920 01:30:48.619" level="INFO">GET Response : url=https://swisspost.opendatasoft.com/api/explore/v2.1/catalog/exports/csv/?delimiter=%3B&amp;list_separator=%2C&amp;quote_all=false&amp;with_bom=true 
 status=200, reason=OK 
 headers={'Server': 'openresty', 'Date': 'Wed, 20 Sep 2023 00:30:48 GMT', 'Content-Type': 'text/csv; charset=utf-8', 'Transfer-Encoding': 'chunked', 'Connection': 'keep-alive', 'Content-Disposition': 'attachment; filename="datasets.csv"', 'Cache-Control': 'no-cache, no-store, max-age=0, must-revalidate', 'X-RateLimit-Remaining': '4965', 'X-RateLimit-Limit': '5000', 'X-RateLimit-Reset': '2023-09-21 00:00:00+00:00', 'Vary': 'Accept-Language, Cookie, Host', 'Content-Language': 'de-de', 'Access-Control-Allow-Origin': '*', 'Access-Control-Allow-Methods': 'POST, GET, OPTIONS', 'Access-Control-Max-Age': '1000', 'Access-Control-Allow-Headers': 'Authorization, X-Requested-With, Origin, ODS-API-Analytics-App, ODS-API-Analytics-Embed-Type, ODS-API-Analytics-Embed-Referrer, ODS-Widgets-Version, Accept', 'Access-Control-Expose-Headers': 'ODS-Explore-API-Deprecation, Link, X-RateLimit-Remaining, X-RateLimit-Limit, X-RateLimit-Reset, X-RateLimit-dataset-Remaining, X-RateLimit-dataset-Limit, X-RateLimit-dataset-Reset', 'Strict-Transport-Security': 'max-age=31536000', 'X-XSS-Protection': '1; mode=block', 'X-Content-Type-Options': 'nosniff', 'Referrer-Policy': 'strict-origin-when-cross-origin', 'Permissions-Policy': 'midi=(),microphone=(),camera=(),magnetometer=(),gyroscope=(),fullscreen=(self),payment=()', 'Content-Security-Policy': 'upgrade-insecure-requests; ', 'X-UA-Compatible': 'IE=edge', 'Content-Encoding': 'gzip'} 
 body=dcat_ap_ch.domain;dcat_ap_ch.rights;default.title;default.description;default.theme;default.keyword;default.license;default.license_url;default.language;default.metadata_languages;default.timezone;default.modified;default.modified_updates_on_metadata_change;default.modified_updates_on_data_change;default.data_processed;default.metadata_processed;default.geographic_reference;default.geographic_reference_auto;default.territory;default.geometry_types;default.bbox;default.publisher;default.references;default.records_count;default.attributions;default.source_domain;default.source_domain_title;default.source_domain_address;default.source_dataset;default.shared_catalog;default.federated;default.oauth_scope;default.parent_domain;datasetid
swisspost;NonCommercialAllowed-CommercialAllowed-ReferenceRequired;Sessions PostAuto LandingPage National;&lt;p&gt;Beinhaltet die Anzahl von Postauto Wifi HTTP-User Sessions (grobe Anzahl an eingeloggten UserInnen) pro Stunde im Raum gesamte Schweiz für den Zeitraum von Mitte 2016 - Mitte 2018.&lt;/p&gt;&lt;ul&gt;&lt;li&gt;Die Zeitangaben entsprechen dem Format CET, unabhängig von Sommer-/Winterzeit.&lt;/li&gt;&lt;li&gt;Die Angaben zu den HTTP-Sessions wurden auf Basis der Nutzung der Postauto Wifi Landing Page wifi.postauto.ch erstellt (UserInnen werden für erstmalige Wifi Nutzung im Postauto auf diese Landing Page weitergeleitet).&lt;/li&gt;&lt;/ul&gt;;Infrastruktur und Dienstleistungen;Postauto,Wifi,HTTP-Sessions;CC BY;https://creativecommons.org/licenses/by/4.0/;de;;;2018-07-16T14:42:13+00:00;;;2018-08-22T14:00:59+00:00;2018-08-22T14:01:00+00:00;world_ch;True;Switzerland;;;Die Schweizerische Post;;18984;;;;;;;False;;;sessions_pa_landingpage_national
swisspost;NonCommercialAllowed-CommercialAllowed-ReferenceRequired;Adressänderungen Sample;&lt;p&gt;Die der Post bekannten Anzahl von Adressänderungen in die Städte Baden, La-Chaux-de-Fonds, Bellinzona und Ilanz (von x / nach Stadt) jeweils für die letzten zwölf Monate. Gelistet ist jeweils die Anzahl von natürlichen Personen und Haushalte nach Postleitzahl pro Monat.&lt;/p&gt;;Adressinformationen;;CC BY;https://creativecommons.org/licenses/by/4.0/;de;de;;2023-09-01T18:15:06.290000+00:00;True;True;2023-09-01T18:15:06.290000+00:00;2023-09-05T22:45:03.571000+00:00;world_ch;True;Switzerland;;;Die Schweizerische Post;;1756;;;;;;;False;;;adressaenderungen_sample
swisspost;NonCommercialAllowed-CommercialAllowed-ReferenceRequired;Adressänderungen in ZRH;&lt;p&gt;Die der Post bekannten Anzahl von Adressänderungen innerhalb der Stadt Zürich (von Zürich / nach Zürich) jeweils für die letzten zwölf Monate. Gelistet ist jeweils die Anzahl von natürlichen Personen und Haushalte nach Postleitzahl pro Monat.&lt;/p&gt;;Adressinformationen;;CC BY;https://creativecommons.org/licenses/by/4.0/;de;de;;2023-09-01T18:15:03.091000+00:00;True;True;2023-09-01T18:15:03.091000+00:00;2023-09-05T22:45:01.782000+00:00;world_ch;True;Switzerland;;;Die Schweizerische Post;;185;;;;;;;False;;;adressaenderungen_in_zrh
swisspost;NonCommercialAllowed-CommercialAllowed-ReferenceRequired;alternative Strassenbezeichnung;&lt;p&gt;Logische alternative oder fremdsprache Strassenbezeichnung zur offiziellen Strassenbezeichnung. Gebäudebezeichnungen ohne Strasse/Hausnummer, Gebiets-, Flur- oder Weilerbezeichnungen werden wie Strassennamen behandelt.&lt;/p&gt;;Adressinformationen;NEW_STRA;CC BY;https://creativecommons.org/licenses/by/4.0/;de;de;;2023-09-15T01:32:25.607000+00:00;True;True;2023-09-15T01:32:25.607000+00:00;2023-09-15T01:32:25.667000+00:00;world_ch;True;Switzerland;;;Die Schweizerische Post;;29043;;;;;;;False;;;alternative-strassenbezeichnung_v2
swisspost;NonCommercialAllowed-CommercialAllowed-ReferenceRequired;politische Gemeinden;&lt;p&gt;Enthält die politischen Gemeinden der Schweiz und des Fürstentums Liechtenstein. Diese Daten stammen aus der offiziellen Liste des Bundesamtes für Statistik (BFS)&lt;/p&gt;;Adressinformationen;NEW_COM;CC BY;https://creativecommons.org/licenses/by/4.0/;de;de;;2023-09-15T00:32:05.576000+00:00;True;True;2023-09-15T00:32:05.576000+00:00;2023-09-15T00:32:05.646000+00:00;world_ch;True;Switzerland;;;Bundesamtes für Statistik (BFS);;2149;;;;;;;False;;;politische-gemeinden_v2
swisspost;NonCommercialAllowed-CommercialAllowed-ReferenceRequired;Strassenbezeichnungen;&lt;p&gt;Enthält alle Strassenbezeichnungen aller Ortschaften der Schweiz und  des Fürstentums Liechtenstein.&lt;/p&gt;;Adressinformationen;NEW_STR;CC BY;https://creativecommons.org/licenses/by/4.0/;de;de;;2023-09-14T23:33:52.091000+00:00;True;True;2023-09-14T23:33:52.091000+00:00;2023-09-14T23:33:52.152000+00:00;world_ch;True;Switzerland;;;Die Schweizerische Post;;167602;;;;;;;False;;;strassenbezeichnungen_v2
swisspost;NonCommercialAllowed-CommercialAllowed-ReferenceRequired;alternative Hausbezeichnung;&lt;p&gt;Enthält alternative Hausbezeichnung und alternativen Hauskey.&lt;/p&gt;;Adressinformationen;NEW_GEBA;CC BY;https://creativecommons.org/licenses/by/4.0/;de;de;;2023-09-15T02:32:51.507000+00:00;True;True;2023-09-15T02:32:51.507000+00:00;2023-09-15T02:32:51.579000+00:00;world_ch;True;Switzerland;;;Die Schweizerische Post;;44729;;;;;;;False;;;alternative-hausbezeichnung_v2
swisspost;NonCommercialAllowed-CommercialAllowed-ReferenceRequired;alternative Ortsbezeichnungen und Gebietsbezeichnungen;&lt;p&gt;&lt;p&gt;Enthält alternative Ortsbezeichnungen und Gebietsbezeichnungen zur jeweiligen Postleitzahl.&lt;/p&gt;&lt;/p&gt;;Adressinformationen;NEW_PLZ2;CC BY;https://creativecommons.org/licenses/by/4.0/;de;de;;2023-09-15T00:02:24.055000+00:00;True;True;2023-09-15T00:02:24.055000+00:00;2023-09-15T00:02:24.109000+00:00;world_ch;True;Switzerland;;;Die Schweizerische Post;;2010;;;;;;;False;;;alternative-ortsbezeichnungen-und-gebietsbezeichnungen_v2
swisspost;NonCommercialAllowed-CommercialAllowed-ReferenceRequired;Vornamen pro PLZ;&lt;p&gt;Vornamensstatistik, erstellt auf Basis von der Post bekannten Bevölkerungsdaten. Es werden jeweils pro Postleitzahl, Geschlecht und Stichdatum die fünf häufigsten Vornamen gelistet. Die Ränge beschreiben die Häufigkeit in Absteigender Reihenfolge (1 = häufigster Vorname, 5 = fünfthäufigster Vorname).&lt;/p&gt;;Adressinformationen;;CC BY;https://creativecommons.org/licenses/by/4.0/;de;de;;2023-09-01T18:00:37.735000+00:00;True;True;2023-09-01T18:00:37.735000+00:00;2023-09-05T22:30:16.656000+00:00;world_ch;True;Switzerland;;;Die Schweizerische Post;;31497;;;;;;;False;;;vornamen_proplz
swisspost;NonCommercialAllowed-CommercialAllowed-ReferenceRequired;Zugangspunkte Post;&lt;p&gt;Der vorliegende Datensatz enthält Informationen zu postalischen Dienstleistungen und den Zugangspunkten der Post. Die Informationen sind in 4 Sprachen (deutsch, französisch, italienisch und englisch) abgebildet.&lt;/p&gt;;Infrastruktur und Dienstleistungen;Zugangspunkt,Dienstleistung;CC BY;https://creativecommons.org/licenses/by/4.0/;de;de;;2021-09-10T14:13:30.833000+00:00;True;True;2021-03-14T22:37:25.356000+00:00;2023-09-17T21:30:06.457000+00:00;world;True;World;Point;"{""coordinates"": [[[10.463756527751684, 47.79206324368715], [5.971039831638336, 47.79206324368715], [5.971039831638336, 45.826032743789256], [10.463756527751684, 45.826032743789256], [10.463756527751684, 47.79206324368715]]], ""type"": ""Polygon""}";Die Schweizerische Post;;89853;;;;;;;False;;;zugangspunkte-post
swisspost;NonCommercialAllowed-CommercialAllowed-ReferenceRequired;Boteninformationen;&lt;p&gt;Enthält Boteninformationen auf Stufe Hausnummer (Briefzustellung).&lt;/p&gt;;Adressinformationen;NEW_BOT_B;CC BY;https://creativecommons.org/licenses/by/4.0/;de;de;;2023-09-15T02:14:37.997000+00:00;True;True;2023-09-15T02:14:37.997000+00:00;2023-09-15T02:14:38.051000+00:00;world_ch;True;Switzerland;;;Die Schweizerische Post;;1903990;;;;;;;False;;;boteninformationen_v2
swisspost;NonCommercialAllowed-CommercialAllowed-ReferenceRequired;PLZ_Verzeichnis;&lt;p&gt;Enthält alle für die Adressierung gültigen Postleitzahlen der Schweiz und des Fürstentums Liechtenstein.&lt;/p&gt;;Adressinformationen;NEW_PLZ1;CC BY;https://creativecommons.org/licenses/by/4.0/;de;de;;2023-09-14T23:04:57.809000+00:00;True;True;2023-09-14T23:04:57.809000+00:00;2023-09-14T23:04:57.865000+00:00;world;True;World;MultiPolygon,Polygon;"{""coordinates"": [[[10.492157433182001, 47.808446595445275], [5.955911837518215, 47.808446595445275], [5.955911837518215, 45.817972999066114], [10.492157433182001, 45.817972999066114], [10.492157433182001, 47.808446595445275]]], ""type"": ""Polygon""}";Die Schweizerische Post;;5150;;;;;;;False;;;plz_verzeichnis_v2
swisspost;NonCommercialAllowed-CommercialWithPermission-ReferenceRequired;Briefmarken der Post;&lt;p&gt;Datensatz zu den Briefmarken der Post ab der Ausgabe vom November 2016, inklusive Angaben der technischen Merkmale und das jeweilige Markenbild.&lt;/p&gt;;Culture, Heritage,Infrastruktur und Dienstleistungen;Stamps,Briefmarken,Philatelie,Timbres,Francobollo,Posta,Post,Poste;CC BY-NC;https://creativecommons.org/licenses/by-nc/4.0/;de;de;;2019-12-05T14:55:26.308000+00:00;True;True;2018-10-22T14:19:45.932000+00:00;2019-12-05T14:55:40.146000+00:00;world_ch;True;Switzerland;;;Die Schweizerische Post;;108;;;;;;;False;;;stamps_swisspost
swisspost;NonCommercialAllowed-CommercialAllowed-ReferenceRequired;Bevölkerung pro PLZ;&lt;p&gt;Die der Post bekannten Anzahl der Bevölkerung, gegliedert nach Bevölkerungstyp, Postleitzahl und Stichdatum, jeweils für die letzten zwölf Monate.&lt;/p&gt;;Adressinformationen;;CC BY;https://creativecommons.org/licenses/by/4.0/;de;de;;2023-09-01T18:00:15.147000+00:00;False;True;2023-09-01T18:00:15.147000+00:00;2023-09-05T22:30:16.657000+00:00;world_ch;True;Switzerland;;;Die Schweizerische Post;;9550;;;;;;;False;;;bevoelkerung_proplz
swisspost;NonCommercialAllowed-CommercialAllowed-ReferenceRequired;Hausnummer und Hauskey;&lt;p&gt;Enthält Hausnummer und Hauskey.&lt;/p&gt;;Adressinformationen;NEW_GEB;CC BY;https://creativecommons.org/licenses/by/4.0/;de;de;;2023-09-15T01:14:30.295000+00:00;True;True;2023-09-15T01:14:30.295000+00:00;2023-09-15T01:14:30.348000+00:00;world_ch;True;Switzerland;;;Die Schweizerische Post;;1903990;;;;;;;False;;;hausnummer-und-hauskey_v2
swisspost;NonCommercialAllowe... (set the log level to DEBUG or TRACE to see the full content) 
 </msg>
<msg timestamp="20230920 01:30:48.619" level="INFO">C:\Python310\lib\site-packages\urllib3\connectionpool.py:1045: InsecureRequestWarning: Unverified HTTPS request is being made to host 'swisspost.opendatasoft.com'. Adding certificate verification is strongly advised. See: https://urllib3.readthedocs.io/en/1.26.x/advanced-usage.html#ssl-warnings
  warnings.warn(</msg>
<msg timestamp="20230920 01:30:48.620" level="INFO">${resp_swisspost} = &lt;Response [200]&gt;</msg>
<status status="PASS" starttime="20230920 01:30:48.097" endtime="20230920 01:30:48.620"/>
</kw>
<kw name="Log To Console" library="BuiltIn">
<arg>${resp_swisspost.text}</arg>
<doc>Logs the given message to the console.</doc>
<status status="PASS" starttime="20230920 01:30:48.620" endtime="20230920 01:30:48.630"/>
</kw>
<status status="PASS" starttime="20230920 01:30:48.094" endtime="20230920 01:30:48.631"/>
</kw>
<status status="PASS" starttime="20230920 01:30:48.093" endtime="20230920 01:30:48.631"/>
</test>
<test id="s1-t2" name="Test Get Catalog Exports" line="13">
<kw name="Get Request Catalog Exports" library="sessions">
<kw name="Create Session" library="RequestsLibrary">
<arg>catexp</arg>
<arg>${BASE_URL}/catalog/exports</arg>
<doc>Create Session: create a HTTP session to a server</doc>
<msg timestamp="20230920 01:30:48.635" level="INFO">Creating Session using : alias=catexp, url=https://swisspost.opendatasoft.com/api/explore/v2.1/catalog/exports, headers={},                     cookies={}, auth=None, timeout=None, proxies=None, verify=False,                     debug=0 </msg>
<status status="PASS" starttime="20230920 01:30:48.634" endtime="20230920 01:30:48.636"/>
</kw>
<kw name="GET On Session" library="RequestsLibrary">
<var>${resp_catexp}</var>
<arg>catexp</arg>
<arg>/</arg>
<arg>expected_status=200</arg>
<doc>Sends a GET request on a previously created HTTP Session.</doc>
<msg timestamp="20230920 01:30:48.919" level="INFO">GET Request : url=https://swisspost.opendatasoft.com/api/explore/v2.1/catalog/exports/ 
 path_url=/api/explore/v2.1/catalog/exports/ 
 headers={'User-Agent': 'python-requests/2.28.1', 'Accept-Encoding': 'gzip, deflate', 'Accept': '*/*', 'Connection': 'keep-alive'} 
 body=None 
 </msg>
<msg timestamp="20230920 01:30:48.919" level="INFO">GET Response : url=https://swisspost.opendatasoft.com/api/explore/v2.1/catalog/exports/ 
 status=200, reason=OK 
 headers={'Server': 'openresty', 'Date': 'Wed, 20 Sep 2023 00:30:48 GMT', 'Content-Type': 'application/json; charset=utf-8', 'Transfer-Encoding': 'chunked', 'Connection': 'keep-alive', 'Cache-Control': 'no-cache, no-store, max-age=0, must-revalidate', 'X-RateLimit-Remaining': '4964', 'X-RateLimit-Limit': '5000', 'X-RateLimit-Reset': '2023-09-21 00:00:00+00:00', 'Vary': 'Accept-Language, Cookie, Host', 'Content-Language': 'de-de', 'Access-Control-Allow-Origin': '*', 'Access-Control-Allow-Methods': 'POST, GET, OPTIONS', 'Access-Control-Max-Age': '1000', 'Access-Control-Allow-Headers': 'Authorization, X-Requested-With, Origin, ODS-API-Analytics-App, ODS-API-Analytics-Embed-Type, ODS-API-Analytics-Embed-Referrer, ODS-Widgets-Version, Accept', 'Access-Control-Expose-Headers': 'ODS-Explore-API-Deprecation, Link, X-RateLimit-Remaining, X-RateLimit-Limit, X-RateLimit-Reset, X-RateLimit-dataset-Remaining, X-RateLimit-dataset-Limit, X-RateLimit-dataset-Reset', 'Strict-Transport-Security': 'max-age=31536000', 'X-XSS-Protection': '1; mode=block', 'X-Content-Type-Options': 'nosniff', 'Referrer-Policy': 'strict-origin-when-cross-origin', 'Permissions-Policy': 'midi=(),microphone=(),camera=(),magnetometer=(),gyroscope=(),fullscreen=(self),payment=()', 'Content-Security-Policy': 'upgrade-insecure-requests; ', 'X-UA-Compatible': 'IE=edge', 'Content-Encoding': 'gzip'} 
 body={"links": [{"rel": "self", "href": "https://swisspost.opendatasoft.com/api/explore/v2.1/catalog/exports"}, {"rel": "csv", "href": "https://swisspost.opendatasoft.com/api/explore/v2.1/catalog/exports/csv"}, {"rel": "json", "href": "https://swisspost.opendatasoft.com/api/explore/v2.1/catalog/exports/json"}, {"rel": "data.json", "href": "https://swisspost.opendatasoft.com/api/explore/v2.1/catalog/exports/data.json"}, {"rel": "dcat", "href": "https://swisspost.opendatasoft.com/api/explore/v2.1/catalog/exports/dcat"}, {"rel": "rdf", "href": "https://swisspost.opendatasoft.com/api/explore/v2.1/catalog/exports/rdf"}, {"rel": "ttl", "href": "https://swisspost.opendatasoft.com/api/explore/v2.1/catalog/exports/ttl"}, {"rel": "rss", "href": "https://swisspost.opendatasoft.com/api/explore/v2.1/catalog/exports/rss"}, {"rel": "xlsx", "href": "https://swisspost.opendatasoft.com/api/explore/v2.1/catalog/exports/xlsx"}]} 
 </msg>
<msg timestamp="20230920 01:30:48.919" level="INFO">C:\Python310\lib\site-packages\urllib3\connectionpool.py:1045: InsecureRequestWarning: Unverified HTTPS request is being made to host 'swisspost.opendatasoft.com'. Adding certificate verification is strongly advised. See: https://urllib3.readthedocs.io/en/1.26.x/advanced-usage.html#ssl-warnings
  warnings.warn(</msg>
<msg timestamp="20230920 01:30:48.920" level="INFO">${resp_catexp} = &lt;Response [200]&gt;</msg>
<status status="PASS" starttime="20230920 01:30:48.636" endtime="20230920 01:30:48.920"/>
</kw>
<kw name="Log To Console" library="BuiltIn">
<arg>${resp_catexp.json()}</arg>
<doc>Logs the given message to the console.</doc>
<status status="PASS" starttime="20230920 01:30:48.920" endtime="20230920 01:30:48.922"/>
</kw>
<status status="PASS" starttime="20230920 01:30:48.634" endtime="20230920 01:30:48.923"/>
</kw>
<status status="PASS" starttime="20230920 01:30:48.633" endtime="20230920 01:30:48.923"/>
</test>
<doc>Test suite to GET Swiss Post Open Data</doc>
<status status="PASS" starttime="20230920 01:30:47.713" endtime="20230920 01:30:48.925"/>
</suite>
<statistics>
<total>
<stat pass="2" fail="0" skip="0">All Tests</stat>
</total>
<tag>
</tag>
<suite>
<stat pass="2" fail="0" skip="0" id="s1" name="Get Data">Get Data</stat>
</suite>
</statistics>
<errors>
</errors>
</robot>
